c:\users\noni\documents\graphics\computergraphics\assignment0_cplusplus\new_build\assignment0.dir\debug\vc142.pdb
c:\users\noni\documents\graphics\computergraphics\assignment0_cplusplus\new_build\assignment0.dir\debug\main.obj
c:\users\noni\documents\graphics\computergraphics\assignment0_cplusplus\new_build\assignment0.dir\debug\mocs_compilation.obj
c:\users\noni\documents\graphics\computergraphics\assignment0_cplusplus\new_build\assignment0.dir\debug\ppm.obj
c:\users\noni\documents\graphics\computergraphics\assignment0_cplusplus\new_build\cmakefiles\generate.stamp
c:\users\noni\documents\graphics\computergraphics\assignment0_cplusplus\new_build\debug\assignment0.pdb
c:\users\noni\documents\graphics\computergraphics\assignment0_cplusplus\new_build\debug\assignment0.exe
c:\users\noni\documents\graphics\computergraphics\assignment0_cplusplus\new_build\debug\assignment0.ilk
c:\users\noni\documents\graphics\computergraphics\assignment0_cplusplus\new_build\assignment0.dir\debug\assignment0.tlog\cl.command.1.tlog
c:\users\noni\documents\graphics\computergraphics\assignment0_cplusplus\new_build\assignment0.dir\debug\assignment0.tlog\cl.read.1.tlog
c:\users\noni\documents\graphics\computergraphics\assignment0_cplusplus\new_build\assignment0.dir\debug\assignment0.tlog\cl.write.1.tlog
c:\users\noni\documents\graphics\computergraphics\assignment0_cplusplus\new_build\assignment0.dir\debug\assignment0.tlog\custombuild.command.1.tlog
c:\users\noni\documents\graphics\computergraphics\assignment0_cplusplus\new_build\assignment0.dir\debug\assignment0.tlog\custombuild.read.1.tlog
c:\users\noni\documents\graphics\computergraphics\assignment0_cplusplus\new_build\assignment0.dir\debug\assignment0.tlog\custombuild.write.1.tlog
c:\users\noni\documents\graphics\computergraphics\assignment0_cplusplus\new_build\assignment0.dir\debug\assignment0.tlog\link.13600.delete.1.tlog
c:\users\noni\documents\graphics\computergraphics\assignment0_cplusplus\new_build\assignment0.dir\debug\assignment0.tlog\link.16088.delete.1.tlog
c:\users\noni\documents\graphics\computergraphics\assignment0_cplusplus\new_build\assignment0.dir\debug\assignment0.tlog\link.17712.delete.1.tlog
c:\users\noni\documents\graphics\computergraphics\assignment0_cplusplus\new_build\assignment0.dir\debug\assignment0.tlog\link.1772.delete.1.tlog
c:\users\noni\documents\graphics\computergraphics\assignment0_cplusplus\new_build\assignment0.dir\debug\assignment0.tlog\link.17936.delete.1.tlog
c:\users\noni\documents\graphics\computergraphics\assignment0_cplusplus\new_build\assignment0.dir\debug\assignment0.tlog\link.812.delete.1.tlog
c:\users\noni\documents\graphics\computergraphics\assignment0_cplusplus\new_build\assignment0.dir\debug\assignment0.tlog\link.command.1.tlog
c:\users\noni\documents\graphics\computergraphics\assignment0_cplusplus\new_build\assignment0.dir\debug\assignment0.tlog\link.read.1.tlog
c:\users\noni\documents\graphics\computergraphics\assignment0_cplusplus\new_build\assignment0.dir\debug\assignment0.tlog\link.write.1.tlog
